app/build/intermediates/manifest_merge_blame_file/debug/manifest-merger-blame-debug-report.txt
1<?xml version="1.0" encoding="utf-8"?>
2<manifest xmlns:android="http://schemas.android.com/apk/res/android"
3    package="mleykin.androiddbsample"
4    android:versionCode="1"
5    android:versionName="1.0" >
6
7    <uses-sdk
7-->src\main\AndroidManifest.xml:7:5-47
8        android:minSdkVersion="8"
8-->src\main\AndroidManifest.xml:7:5-47
9        android:targetSdkVersion="26" />
9-->src\main\AndroidManifest.xml:7:15-44
10
11    <application
11-->src\main\AndroidManifest.xml:9:5-23:19
12        android:allowBackup="true"
12-->src\main\AndroidManifest.xml:10:9-35
13        android:debuggable="true"
14        android:icon="@drawable/ic_launcher"
14-->src\main\AndroidManifest.xml:11:9-45
15        android:label="@string/app_name" >
15-->src\main\AndroidManifest.xml:12:9-41
16        <activity
16-->src\main\AndroidManifest.xml:14:9-22:20
17            android:name="mleykin.androiddbsample.MainActivity"
17-->src\main\AndroidManifest.xml:15:13-64
18            android:label="@string/app_name" >
18-->src\main\AndroidManifest.xml:16:13-45
19            <intent-filter>
19-->src\main\AndroidManifest.xml:17:13-21:29
20                <action android:name="android.intent.action.MAIN" />
20-->src\main\AndroidManifest.xml:18:17-69
20-->src\main\AndroidManifest.xml:18:25-66
21
22                <category android:name="android.intent.category.LAUNCHER" />
22-->src\main\AndroidManifest.xml:20:17-77
22-->src\main\AndroidManifest.xml:20:27-74
23            </intent-filter>
24        </activity>
25    </application>
26
27</manifest>